<?xml version="1.0" encoding="UTF-8"?><testrun name="FractionalCalculatorTests (2)" project="Fractional Calculator" tests="18" started="18" failures="1" errors="0" ignored="0">
  <testsuite name="fracCalc3.FractionalCalculatorTests" time="0.033">
    <testcase name="CalculateFunctionShouldAddFractionsCorrectly" classname="fracCalc3.FractionalCalculatorTests" time="0.0"/>
    <testcase name="ConvertFunctionShouldHandleWholeNumbers" classname="fracCalc3.FractionalCalculatorTests" time="0.0"/>
    <testcase name="FracCalcShouldHandleMultipleInputsBeforeQuitting" classname="fracCalc3.FractionalCalculatorTests" time="0.023">
      <failure>java.lang.AssertionError: Expected 2 but got 4
	at org.junit.Assert.fail(Assert.java:88)
	at testHelp.IntAssertion.isEqualTo(IntAssertion.java:17)
	at testHelp.IntAssertion.equals(IntAssertion.java:31)
	at fracCalc3.FractionalCalculatorTests.FracCalcShouldHandleMultipleInputsBeforeQuitting(FractionalCalculatorTests.java:35)
	at sun.reflect.NativeMethodAccessorImpl.invoke0(Native Method)
	at sun.reflect.NativeMethodAccessorImpl.invoke(NativeMethodAccessorImpl.java:62)
	at sun.reflect.DelegatingMethodAccessorImpl.invoke(DelegatingMethodAccessorImpl.java:43)
	at java.lang.reflect.Method.invoke(Method.java:498)
	at org.junit.runners.model.FrameworkMethod$1.runReflectiveCall(FrameworkMethod.java:50)
	at org.junit.internal.runners.model.ReflectiveCallable.run(ReflectiveCallable.java:12)
	at org.junit.runners.model.FrameworkMethod.invokeExplosively(FrameworkMethod.java:47)
	at org.junit.internal.runners.statements.InvokeMethod.evaluate(InvokeMethod.java:17)
	at org.junit.runners.ParentRunner.runLeaf(ParentRunner.java:325)
	at org.junit.runners.BlockJUnit4ClassRunner.runChild(BlockJUnit4ClassRunner.java:78)
	at org.junit.runners.BlockJUnit4ClassRunner.runChild(BlockJUnit4ClassRunner.java:57)
	at org.junit.runners.ParentRunner$3.run(ParentRunner.java:290)
	at org.junit.runners.ParentRunner$1.schedule(ParentRunner.java:71)
	at org.junit.runners.ParentRunner.runChildren(ParentRunner.java:288)
	at org.junit.runners.ParentRunner.access$000(ParentRunner.java:58)
	at org.junit.runners.ParentRunner$2.evaluate(ParentRunner.java:268)
	at org.junit.runners.ParentRunner.run(ParentRunner.java:363)
	at org.eclipse.jdt.internal.junit4.runner.JUnit4TestReference.run(JUnit4TestReference.java:86)
	at org.eclipse.jdt.internal.junit.runner.TestExecution.run(TestExecution.java:38)
	at org.eclipse.jdt.internal.junit.runner.RemoteTestRunner.runTests(RemoteTestRunner.java:459)
	at org.eclipse.jdt.internal.junit.runner.RemoteTestRunner.runTests(RemoteTestRunner.java:678)
	at org.eclipse.jdt.internal.junit.runner.RemoteTestRunner.run(RemoteTestRunner.java:382)
	at org.eclipse.jdt.internal.junit.runner.RemoteTestRunner.main(RemoteTestRunner.java:192)

</failure>
    </testcase>
    <testcase name="CalculateFunctionShouldDivideFractionsCorrectly" classname="fracCalc3.FractionalCalculatorTests" time="0.0"/>
    <testcase name="FracCalcShouldQuitImmediatelyIfRequested" classname="fracCalc3.FractionalCalculatorTests" time="0.002"/>
    <testcase name="CalculateFunctionShouldMultiplyFractionsCorrectly" classname="fracCalc3.FractionalCalculatorTests" time="0.0"/>
    <testcase name="CalculateFunctionShouldSubstractFractionsCorrectly" classname="fracCalc3.FractionalCalculatorTests" time="0.0"/>
    <testcase name="ConvertFunctionShouldHandleImproperFractions" classname="fracCalc3.FractionalCalculatorTests" time="0.001"/>
    <testcase name="FracCalcShouldAddFractionsCorrectly" classname="fracCalc3.FractionalCalculatorTests" time="0.001"/>
    <testcase name="ConvertFunctionShouldHandleNegativeWholeNumbers" classname="fracCalc3.FractionalCalculatorTests" time="0.0"/>
    <testcase name="ConvertFunctionShouldHandleMixedNumbers" classname="fracCalc3.FractionalCalculatorTests" time="0.0"/>
    <testcase name="FracCalcShouldPrintGreetingFirst" classname="fracCalc3.FractionalCalculatorTests" time="0.001"/>
    <testcase name="ConvertFunctionShouldHandleNegativeFractions" classname="fracCalc3.FractionalCalculatorTests" time="0.0"/>
    <testcase name="ConvertFunctionShouldHandleNegativeMixedNumbers" classname="fracCalc3.FractionalCalculatorTests" time="0.001"/>
    <testcase name="FracCalcShouldHandleZeroes" classname="fracCalc3.FractionalCalculatorTests" time="0.003"/>
    <testcase name="ConvertFunctionShouldHandleProperFractions" classname="fracCalc3.FractionalCalculatorTests" time="0.0"/>
    <testcase name="FracCalcShouldPrintGoodbyeLast" classname="fracCalc3.FractionalCalculatorTests" time="0.001"/>
    <testcase name="ConvertFunctionShouldHandleZero" classname="fracCalc3.FractionalCalculatorTests" time="0.0"/>
  </testsuite>
</testrun>
