<?xml version="1.0" encoding="UTF-8"?><testrun name="FractionalCalculatorTests (3)" project="Fractional Calculator" tests="29" started="29" failures="0" errors="1" ignored="0">
  <testsuite name="fracCalc4.FractionalCalculatorTests" time="0.073">
    <testcase name="CalculateFunctionShouldAddFractionsCorrectly" classname="fracCalc4.FractionalCalculatorTests" time="0.007"/>
    <testcase name="ConvertFunctionShouldHandleWholeNumbers" classname="fracCalc4.FractionalCalculatorTests" time="0.0"/>
    <testcase name="ReduceFunctionShouldReduceNegativeFractions" classname="fracCalc4.FractionalCalculatorTests" time="0.001"/>
    <testcase name="FracCalcShouldHandleMultipleInputsBeforeQuitting" classname="fracCalc4.FractionalCalculatorTests" time="0.029"/>
    <testcase name="CalculateFunctionShouldDivideFractionsCorrectly" classname="fracCalc4.FractionalCalculatorTests" time="0.0"/>
    <testcase name="FracCalcShouldQuitImmediatelyIfRequested" classname="fracCalc4.FractionalCalculatorTests" time="0.002"/>
    <testcase name="ReduceFunctionShouldReduceCorrectly" classname="fracCalc4.FractionalCalculatorTests" time="0.0"/>
    <testcase name="CalculateFunctionShouldMultiplyFractionsCorrectly" classname="fracCalc4.FractionalCalculatorTests" time="0.007"/>
    <testcase name="CalculateFunctionShouldSubstractFractionsCorrectly" classname="fracCalc4.FractionalCalculatorTests" time="0.001"/>
    <testcase name="ConvertToMixedFunctionShouldLeaveProperFractionsAlone" classname="fracCalc4.FractionalCalculatorTests" time="0.0"/>
    <testcase name="FracCalcShouldPrintReducedAnswer" classname="fracCalc4.FractionalCalculatorTests" time="0.001"/>
    <testcase name="ConvertFunctionShouldHandleImproperFractions" classname="fracCalc4.FractionalCalculatorTests" time="0.0"/>
    <testcase name="ConvertToMixedFunctionShouldConvertWholeNumbers" classname="fracCalc4.FractionalCalculatorTests" time="0.001"/>
    <testcase name="FracCalcShouldAddFractionsCorrectly" classname="fracCalc4.FractionalCalculatorTests" time="0.002"/>
    <testcase name="ConvertFunctionShouldHandleNegativeWholeNumbers" classname="fracCalc4.FractionalCalculatorTests" time="0.006"/>
    <testcase name="ReduceFunctionShouldNotChangeFractionsAlreadyInLowestTerms" classname="fracCalc4.FractionalCalculatorTests" time="0.0"/>
    <testcase name="ConvertToMixedFunctionShouldConvertNegativeNumbers" classname="fracCalc4.FractionalCalculatorTests" time="0.001"/>
    <testcase name="ConvertFunctionShouldHandleMixedNumbers" classname="fracCalc4.FractionalCalculatorTests" time="0.0"/>
    <testcase name="FracCalcShouldPrintReducedNegativeAnswer" classname="fracCalc4.FractionalCalculatorTests" time="0.0"/>
    <testcase name="FracCalcShouldPrintGreetingFirst" classname="fracCalc4.FractionalCalculatorTests" time="0.001"/>
    <testcase name="ConvertFunctionShouldHandleNegativeFractions" classname="fracCalc4.FractionalCalculatorTests" time="0.0"/>
    <testcase name="ReduceFunctionShouldHandleZero" classname="fracCalc4.FractionalCalculatorTests" time="0.001"/>
    <testcase name="ConvertToMixedFunctionShouldConvertImproperFractions" classname="fracCalc4.FractionalCalculatorTests" time="0.0"/>
    <testcase name="ConvertFunctionShouldHandleNegativeMixedNumbers" classname="fracCalc4.FractionalCalculatorTests" time="0.0"/>
    <testcase name="FracCalcShouldHandleZeroes" classname="fracCalc4.FractionalCalculatorTests" time="0.009">
      <error>java.lang.IndexOutOfBoundsException: Index: 0, Size: 0
	at java.util.ArrayList.rangeCheck(ArrayList.java:653)
	at java.util.ArrayList.get(ArrayList.java:429)
	at fracCalc4.FractionalCalculatorTests.FracCalcShouldHandleZeroes(FractionalCalculatorTests.java:59)
	at sun.reflect.NativeMethodAccessorImpl.invoke0(Native Method)
	at sun.reflect.NativeMethodAccessorImpl.invoke(NativeMethodAccessorImpl.java:62)
	at sun.reflect.DelegatingMethodAccessorImpl.invoke(DelegatingMethodAccessorImpl.java:43)
	at java.lang.reflect.Method.invoke(Method.java:498)
	at org.junit.runners.model.FrameworkMethod$1.runReflectiveCall(FrameworkMethod.java:50)
	at org.junit.internal.runners.model.ReflectiveCallable.run(ReflectiveCallable.java:12)
	at org.junit.runners.model.FrameworkMethod.invokeExplosively(FrameworkMethod.java:47)
	at org.junit.internal.runners.statements.InvokeMethod.evaluate(InvokeMethod.java:17)
	at org.junit.runners.ParentRunner.runLeaf(ParentRunner.java:325)
	at org.junit.runners.BlockJUnit4ClassRunner.runChild(BlockJUnit4ClassRunner.java:78)
	at org.junit.runners.BlockJUnit4ClassRunner.runChild(BlockJUnit4ClassRunner.java:57)
	at org.junit.runners.ParentRunner$3.run(ParentRunner.java:290)
	at org.junit.runners.ParentRunner$1.schedule(ParentRunner.java:71)
	at org.junit.runners.ParentRunner.runChildren(ParentRunner.java:288)
	at org.junit.runners.ParentRunner.access$000(ParentRunner.java:58)
	at org.junit.runners.ParentRunner$2.evaluate(ParentRunner.java:268)
	at org.junit.runners.ParentRunner.run(ParentRunner.java:363)
	at org.eclipse.jdt.internal.junit4.runner.JUnit4TestReference.run(JUnit4TestReference.java:86)
	at org.eclipse.jdt.internal.junit.runner.TestExecution.run(TestExecution.java:38)
	at org.eclipse.jdt.internal.junit.runner.RemoteTestRunner.runTests(RemoteTestRunner.java:459)
	at org.eclipse.jdt.internal.junit.runner.RemoteTestRunner.runTests(RemoteTestRunner.java:678)
	at org.eclipse.jdt.internal.junit.runner.RemoteTestRunner.run(RemoteTestRunner.java:382)
	at org.eclipse.jdt.internal.junit.runner.RemoteTestRunner.main(RemoteTestRunner.java:192)

</error>
    </testcase>
    <testcase name="ConvertToMixedFunctionShouldHandleZero" classname="fracCalc4.FractionalCalculatorTests" time="0.0"/>
    <testcase name="ConvertFunctionShouldHandleProperFractions" classname="fracCalc4.FractionalCalculatorTests" time="0.0"/>
    <testcase name="FracCalcShouldPrintGoodbyeLast" classname="fracCalc4.FractionalCalculatorTests" time="0.0"/>
    <testcase name="ConvertFunctionShouldHandleZero" classname="fracCalc4.FractionalCalculatorTests" time="0.001"/>
  </testsuite>
</testrun>
